<?xml version="1.0" encoding="UTF-8"?>
<testng-results skipped="0" failed="4" ignored="0" total="7" passed="3">
  <reporter-output>
  </reporter-output>
  <suite name="Default suite" duration-ms="177560" started-at="2019-04-24T11:33:21Z" finished-at="2019-04-24T11:36:19Z">
    <groups>
    </groups>
    <test name="Default test" duration-ms="177560" started-at="2019-04-24T11:33:21Z" finished-at="2019-04-24T11:36:19Z">
      <class name="com.mmt.Tests.ForFlightPageTest">
        <test-method status="PASS" signature="setupForFlightPage()[pri:0, instance:com.mmt.Tests.ForFlightPageTest@3632be31]" name="setupForFlightPage" is-config="true" duration-ms="21561" started-at="2019-04-24T11:33:22Z" finished-at="2019-04-24T11:33:43Z">
          <reporter-output>
          </reporter-output>
        </test-method> <!-- setupForFlightPage -->
        <test-method status="FAIL" signature="DataProviderTest(java.lang.String, java.lang.String)[pri:0, instance:com.mmt.Tests.ForFlightPageTest@3632be31]" name="DataProviderTest" duration-ms="2688" started-at="2019-04-24T11:33:43Z" description=" data driven Test" data-provider="getdatatest" finished-at="2019-04-24T11:33:46Z">
          <params>
            <param index="0">
              <value>
                <![CDATA[2]]>
              </value>
            </param>
            <param index="1">
              <value>
                <![CDATA[4]]>
              </value>
            </param>
          </params>
          <exception class="java.lang.AssertionError">
            <message>
              <![CDATA[expected [Rs 23,156] but found [23156]]]>
            </message>
            <full-stacktrace>
              <![CDATA[java.lang.AssertionError: expected [Rs 23,156] but found [23156]
at org.testng.Assert.fail(Assert.java:96)
at org.testng.Assert.failNotEquals(Assert.java:776)
at org.testng.Assert.assertEqualsImpl(Assert.java:137)
at org.testng.Assert.assertEquals(Assert.java:118)
at org.testng.Assert.assertEquals(Assert.java:442)
at com.mmt.Tests.ForFlightPageTest.DataProviderTest(ForFlightPageTest.java:121)
at sun.reflect.NativeMethodAccessorImpl.invoke0(Native Method)
at sun.reflect.NativeMethodAccessorImpl.invoke(NativeMethodAccessorImpl.java:62)
at sun.reflect.DelegatingMethodAccessorImpl.invoke(DelegatingMethodAccessorImpl.java:43)
at java.lang.reflect.Method.invoke(Method.java:498)
at org.testng.internal.MethodInvocationHelper.invokeMethod(MethodInvocationHelper.java:124)
at org.testng.internal.Invoker.invokeMethod(Invoker.java:583)
at org.testng.internal.Invoker.invokeTestMethod(Invoker.java:719)
at org.testng.internal.Invoker.invokeTestMethods(Invoker.java:989)
at org.testng.internal.TestMethodWorker.invokeTestMethods(TestMethodWorker.java:125)
at org.testng.internal.TestMethodWorker.run(TestMethodWorker.java:109)
at org.testng.TestRunner.privateRun(TestRunner.java:648)
at org.testng.TestRunner.run(TestRunner.java:505)
at org.testng.SuiteRunner.runTest(SuiteRunner.java:455)
at org.testng.SuiteRunner.runSequentially(SuiteRunner.java:450)
at org.testng.SuiteRunner.privateRun(SuiteRunner.java:415)
at org.testng.SuiteRunner.run(SuiteRunner.java:364)
at org.testng.SuiteRunnerWorker.runSuite(SuiteRunnerWorker.java:52)
at org.testng.SuiteRunnerWorker.run(SuiteRunnerWorker.java:84)
at org.testng.TestNG.runSuitesSequentially(TestNG.java:1208)
at org.testng.TestNG.runSuitesLocally(TestNG.java:1137)
at org.testng.TestNG.runSuites(TestNG.java:1049)
at org.testng.TestNG.run(TestNG.java:1017)
at org.testng.remote.AbstractRemoteTestNG.run(AbstractRemoteTestNG.java:115)
at org.testng.remote.RemoteTestNG.initAndRun(RemoteTestNG.java:251)
at org.testng.remote.RemoteTestNG.main(RemoteTestNG.java:77)
]]>
            </full-stacktrace>
          </exception> <!-- java.lang.AssertionError -->
          <reporter-output>
          </reporter-output>
        </test-method> <!-- DataProviderTest -->
        <test-method status="PASS" signature="teardown()[pri:0, instance:com.mmt.Tests.ForFlightPageTest@3632be31]" name="teardown" is-config="true" duration-ms="1152" started-at="2019-04-24T11:33:46Z" finished-at="2019-04-24T11:33:47Z">
          <reporter-output>
          </reporter-output>
        </test-method> <!-- teardown -->
        <test-method status="PASS" signature="setupForFlightPage()[pri:0, instance:com.mmt.Tests.ForFlightPageTest@3632be31]" name="setupForFlightPage" is-config="true" duration-ms="19333" started-at="2019-04-24T11:33:47Z" finished-at="2019-04-24T11:34:07Z">
          <reporter-output>
          </reporter-output>
        </test-method> <!-- setupForFlightPage -->
        <test-method status="FAIL" signature="DataProviderTest(java.lang.String, java.lang.String)[pri:0, instance:com.mmt.Tests.ForFlightPageTest@3632be31]" name="DataProviderTest" duration-ms="1269" started-at="2019-04-24T11:34:07Z" description=" data driven Test" data-provider="getdatatest" finished-at="2019-04-24T11:34:08Z">
          <params>
            <param index="0">
              <value>
                <![CDATA[1]]>
              </value>
            </param>
            <param index="1">
              <value>
                <![CDATA[5]]>
              </value>
            </param>
          </params>
          <exception class="java.lang.AssertionError">
            <message>
              <![CDATA[expected [Rs 21,822] but found [21822]]]>
            </message>
            <full-stacktrace>
              <![CDATA[java.lang.AssertionError: expected [Rs 21,822] but found [21822]
at org.testng.Assert.fail(Assert.java:96)
at org.testng.Assert.failNotEquals(Assert.java:776)
at org.testng.Assert.assertEqualsImpl(Assert.java:137)
at org.testng.Assert.assertEquals(Assert.java:118)
at org.testng.Assert.assertEquals(Assert.java:442)
at com.mmt.Tests.ForFlightPageTest.DataProviderTest(ForFlightPageTest.java:121)
at sun.reflect.NativeMethodAccessorImpl.invoke0(Native Method)
at sun.reflect.NativeMethodAccessorImpl.invoke(NativeMethodAccessorImpl.java:62)
at sun.reflect.DelegatingMethodAccessorImpl.invoke(DelegatingMethodAccessorImpl.java:43)
at java.lang.reflect.Method.invoke(Method.java:498)
at org.testng.internal.MethodInvocationHelper.invokeMethod(MethodInvocationHelper.java:124)
at org.testng.internal.Invoker.invokeMethod(Invoker.java:583)
at org.testng.internal.Invoker.invokeTestMethod(Invoker.java:719)
at org.testng.internal.Invoker.invokeTestMethods(Invoker.java:989)
at org.testng.internal.TestMethodWorker.invokeTestMethods(TestMethodWorker.java:125)
at org.testng.internal.TestMethodWorker.run(TestMethodWorker.java:109)
at org.testng.TestRunner.privateRun(TestRunner.java:648)
at org.testng.TestRunner.run(TestRunner.java:505)
at org.testng.SuiteRunner.runTest(SuiteRunner.java:455)
at org.testng.SuiteRunner.runSequentially(SuiteRunner.java:450)
at org.testng.SuiteRunner.privateRun(SuiteRunner.java:415)
at org.testng.SuiteRunner.run(SuiteRunner.java:364)
at org.testng.SuiteRunnerWorker.runSuite(SuiteRunnerWorker.java:52)
at org.testng.SuiteRunnerWorker.run(SuiteRunnerWorker.java:84)
at org.testng.TestNG.runSuitesSequentially(TestNG.java:1208)
at org.testng.TestNG.runSuitesLocally(TestNG.java:1137)
at org.testng.TestNG.runSuites(TestNG.java:1049)
at org.testng.TestNG.run(TestNG.java:1017)
at org.testng.remote.AbstractRemoteTestNG.run(AbstractRemoteTestNG.java:115)
at org.testng.remote.RemoteTestNG.initAndRun(RemoteTestNG.java:251)
at org.testng.remote.RemoteTestNG.main(RemoteTestNG.java:77)
]]>
            </full-stacktrace>
          </exception> <!-- java.lang.AssertionError -->
          <reporter-output>
          </reporter-output>
        </test-method> <!-- DataProviderTest -->
        <test-method status="PASS" signature="teardown()[pri:0, instance:com.mmt.Tests.ForFlightPageTest@3632be31]" name="teardown" is-config="true" duration-ms="1667" started-at="2019-04-24T11:34:08Z" finished-at="2019-04-24T11:34:09Z">
          <reporter-output>
          </reporter-output>
        </test-method> <!-- teardown -->
        <test-method status="PASS" signature="setupForFlightPage()[pri:0, instance:com.mmt.Tests.ForFlightPageTest@3632be31]" name="setupForFlightPage" is-config="true" duration-ms="19570" started-at="2019-04-24T11:34:09Z" finished-at="2019-04-24T11:34:29Z">
          <reporter-output>
          </reporter-output>
        </test-method> <!-- setupForFlightPage -->
        <test-method status="FAIL" signature="DataProviderTest(java.lang.String, java.lang.String)[pri:0, instance:com.mmt.Tests.ForFlightPageTest@3632be31]" name="DataProviderTest" duration-ms="2248" started-at="2019-04-24T11:34:29Z" description=" data driven Test" data-provider="getdatatest" finished-at="2019-04-24T11:34:31Z">
          <params>
            <param index="0">
              <value>
                <![CDATA[3]]>
              </value>
            </param>
            <param index="1">
              <value>
                <![CDATA[6]]>
              </value>
            </param>
          </params>
          <exception class="java.lang.AssertionError">
            <message>
              <![CDATA[expected [Rs 25,001] but found [25001]]]>
            </message>
            <full-stacktrace>
              <![CDATA[java.lang.AssertionError: expected [Rs 25,001] but found [25001]
at org.testng.Assert.fail(Assert.java:96)
at org.testng.Assert.failNotEquals(Assert.java:776)
at org.testng.Assert.assertEqualsImpl(Assert.java:137)
at org.testng.Assert.assertEquals(Assert.java:118)
at org.testng.Assert.assertEquals(Assert.java:442)
at com.mmt.Tests.ForFlightPageTest.DataProviderTest(ForFlightPageTest.java:121)
at sun.reflect.NativeMethodAccessorImpl.invoke0(Native Method)
at sun.reflect.NativeMethodAccessorImpl.invoke(NativeMethodAccessorImpl.java:62)
at sun.reflect.DelegatingMethodAccessorImpl.invoke(DelegatingMethodAccessorImpl.java:43)
at java.lang.reflect.Method.invoke(Method.java:498)
at org.testng.internal.MethodInvocationHelper.invokeMethod(MethodInvocationHelper.java:124)
at org.testng.internal.Invoker.invokeMethod(Invoker.java:583)
at org.testng.internal.Invoker.invokeTestMethod(Invoker.java:719)
at org.testng.internal.Invoker.invokeTestMethods(Invoker.java:989)
at org.testng.internal.TestMethodWorker.invokeTestMethods(TestMethodWorker.java:125)
at org.testng.internal.TestMethodWorker.run(TestMethodWorker.java:109)
at org.testng.TestRunner.privateRun(TestRunner.java:648)
at org.testng.TestRunner.run(TestRunner.java:505)
at org.testng.SuiteRunner.runTest(SuiteRunner.java:455)
at org.testng.SuiteRunner.runSequentially(SuiteRunner.java:450)
at org.testng.SuiteRunner.privateRun(SuiteRunner.java:415)
at org.testng.SuiteRunner.run(SuiteRunner.java:364)
at org.testng.SuiteRunnerWorker.runSuite(SuiteRunnerWorker.java:52)
at org.testng.SuiteRunnerWorker.run(SuiteRunnerWorker.java:84)
at org.testng.TestNG.runSuitesSequentially(TestNG.java:1208)
at org.testng.TestNG.runSuitesLocally(TestNG.java:1137)
at org.testng.TestNG.runSuites(TestNG.java:1049)
at org.testng.TestNG.run(TestNG.java:1017)
at org.testng.remote.AbstractRemoteTestNG.run(AbstractRemoteTestNG.java:115)
at org.testng.remote.RemoteTestNG.initAndRun(RemoteTestNG.java:251)
at org.testng.remote.RemoteTestNG.main(RemoteTestNG.java:77)
]]>
            </full-stacktrace>
          </exception> <!-- java.lang.AssertionError -->
          <reporter-output>
          </reporter-output>
        </test-method> <!-- DataProviderTest -->
        <test-method status="PASS" signature="teardown()[pri:0, instance:com.mmt.Tests.ForFlightPageTest@3632be31]" name="teardown" is-config="true" duration-ms="1102" started-at="2019-04-24T11:34:31Z" finished-at="2019-04-24T11:34:32Z">
          <reporter-output>
          </reporter-output>
        </test-method> <!-- teardown -->
        <test-method status="PASS" signature="setupForFlightPage()[pri:0, instance:com.mmt.Tests.ForFlightPageTest@3632be31]" name="setupForFlightPage" is-config="true" duration-ms="19509" started-at="2019-04-24T11:34:32Z" finished-at="2019-04-24T11:34:52Z">
          <reporter-output>
          </reporter-output>
        </test-method> <!-- setupForFlightPage -->
        <test-method status="FAIL" signature="DataProviderTest(java.lang.String, java.lang.String)[pri:0, instance:com.mmt.Tests.ForFlightPageTest@3632be31]" name="DataProviderTest" duration-ms="585" started-at="2019-04-24T11:34:52Z" description=" data driven Test" data-provider="getdatatest" finished-at="2019-04-24T11:34:52Z">
          <params>
            <param index="0">
              <value>
                <![CDATA[2]]>
              </value>
            </param>
            <param index="1">
              <value>
                <![CDATA[3]]>
              </value>
            </param>
          </params>
          <exception class="org.openqa.selenium.ElementClickInterceptedException">
            <message>
              <![CDATA[Element <span class="splitVw-outer append_right9"> is not clickable at point (629,10) because another element <div id="search-widget" class="hsw sticky"> obscures it
Build info: version: '3.141.59', revision: 'e82be7d358', time: '2018-11-14T08:17:03'
System info: host: 'mkar-Lenovo-C360', ip: '127.0.1.1', os.name: 'Linux', os.arch: 'amd64', os.version: '4.18.0-17-generic', java.version: '1.8.0_212'
Driver info: org.openqa.selenium.firefox.FirefoxDriver
Capabilities {acceptInsecureCerts: true, browserName: firefox, browserVersion: 66.0.3, javascriptEnabled: true, moz:accessibilityChecks: false, moz:geckodriverVersion: 0.24.0, moz:headless: false, moz:processID: 31140, moz:profile: /tmp/rust_mozprofile.9cQHah..., moz:shutdownTimeout: 60000, moz:useNonSpecCompliantPointerOrigin: false, moz:webdriverClick: true, pageLoadStrategy: normal, platform: LINUX, platformName: LINUX, platformVersion: 4.18.0-17-generic, rotatable: false, setWindowRect: true, strictFileInteractability: false, timeouts: {implicit: 0, pageLoad: 300000, script: 30000}, unhandledPromptBehavior: dismiss and notify}
Session ID: 2b8a186d-e031-4f3b-b808-14f812d8c287]]>
            </message>
            <full-stacktrace>
              <![CDATA[org.openqa.selenium.ElementClickInterceptedException: Element <span class="splitVw-outer append_right9"> is not clickable at point (629,10) because another element <div id="search-widget" class="hsw sticky"> obscures it
Build info: version: '3.141.59', revision: 'e82be7d358', time: '2018-11-14T08:17:03'
System info: host: 'mkar-Lenovo-C360', ip: '127.0.1.1', os.name: 'Linux', os.arch: 'amd64', os.version: '4.18.0-17-generic', java.version: '1.8.0_212'
Driver info: org.openqa.selenium.firefox.FirefoxDriver
Capabilities {acceptInsecureCerts: true, browserName: firefox, browserVersion: 66.0.3, javascriptEnabled: true, moz:accessibilityChecks: false, moz:geckodriverVersion: 0.24.0, moz:headless: false, moz:processID: 31140, moz:profile: /tmp/rust_mozprofile.9cQHah..., moz:shutdownTimeout: 60000, moz:useNonSpecCompliantPointerOrigin: false, moz:webdriverClick: true, pageLoadStrategy: normal, platform: LINUX, platformName: LINUX, platformVersion: 4.18.0-17-generic, rotatable: false, setWindowRect: true, strictFileInteractability: false, timeouts: {implicit: 0, pageLoad: 300000, script: 30000}, unhandledPromptBehavior: dismiss and notify}
Session ID: 2b8a186d-e031-4f3b-b808-14f812d8c287
at sun.reflect.NativeConstructorAccessorImpl.newInstance0(Native Method)
at sun.reflect.NativeConstructorAccessorImpl.newInstance(NativeConstructorAccessorImpl.java:62)
at sun.reflect.DelegatingConstructorAccessorImpl.newInstance(DelegatingConstructorAccessorImpl.java:45)
at java.lang.reflect.Constructor.newInstance(Constructor.java:423)
at org.openqa.selenium.remote.http.W3CHttpResponseCodec.createException(W3CHttpResponseCodec.java:185)
at org.openqa.selenium.remote.http.W3CHttpResponseCodec.decode(W3CHttpResponseCodec.java:120)
at org.openqa.selenium.remote.http.W3CHttpResponseCodec.decode(W3CHttpResponseCodec.java:49)
at org.openqa.selenium.remote.HttpCommandExecutor.execute(HttpCommandExecutor.java:164)
at org.openqa.selenium.remote.service.DriverCommandExecutor.execute(DriverCommandExecutor.java:83)
at org.openqa.selenium.remote.RemoteWebDriver.execute(RemoteWebDriver.java:586)
at org.openqa.selenium.remote.RemoteWebElement.execute(RemoteWebElement.java:279)
at org.openqa.selenium.remote.RemoteWebElement.click(RemoteWebElement.java:83)
at sun.reflect.GeneratedMethodAccessor9.invoke(Unknown Source)
at sun.reflect.DelegatingMethodAccessorImpl.invoke(DelegatingMethodAccessorImpl.java:43)
at java.lang.reflect.Method.invoke(Method.java:498)
at org.openqa.selenium.support.events.EventFiringWebDriver$EventFiringWebElement.lambda$new$0(EventFiringWebDriver.java:404)
at com.sun.proxy.$Proxy14.click(Unknown Source)
at org.openqa.selenium.support.events.EventFiringWebDriver$EventFiringWebElement.click(EventFiringWebDriver.java:417)
at com.mmt.Tests.ForFlightPageTest.DataProviderTest(ForFlightPageTest.java:93)
at sun.reflect.NativeMethodAccessorImpl.invoke0(Native Method)
at sun.reflect.NativeMethodAccessorImpl.invoke(NativeMethodAccessorImpl.java:62)
at sun.reflect.DelegatingMethodAccessorImpl.invoke(DelegatingMethodAccessorImpl.java:43)
at java.lang.reflect.Method.invoke(Method.java:498)
at org.testng.internal.MethodInvocationHelper.invokeMethod(MethodInvocationHelper.java:124)
at org.testng.internal.Invoker.invokeMethod(Invoker.java:583)
at org.testng.internal.Invoker.invokeTestMethod(Invoker.java:719)
at org.testng.internal.Invoker.invokeTestMethods(Invoker.java:989)
at org.testng.internal.TestMethodWorker.invokeTestMethods(TestMethodWorker.java:125)
at org.testng.internal.TestMethodWorker.run(TestMethodWorker.java:109)
at org.testng.TestRunner.privateRun(TestRunner.java:648)
at org.testng.TestRunner.run(TestRunner.java:505)
at org.testng.SuiteRunner.runTest(SuiteRunner.java:455)
at org.testng.SuiteRunner.runSequentially(SuiteRunner.java:450)
at org.testng.SuiteRunner.privateRun(SuiteRunner.java:415)
at org.testng.SuiteRunner.run(SuiteRunner.java:364)
at org.testng.SuiteRunnerWorker.runSuite(SuiteRunnerWorker.java:52)
at org.testng.SuiteRunnerWorker.run(SuiteRunnerWorker.java:84)
at org.testng.TestNG.runSuitesSequentially(TestNG.java:1208)
at org.testng.TestNG.runSuitesLocally(TestNG.java:1137)
at org.testng.TestNG.runSuites(TestNG.java:1049)
at org.testng.TestNG.run(TestNG.java:1017)
at org.testng.remote.AbstractRemoteTestNG.run(AbstractRemoteTestNG.java:115)
at org.testng.remote.RemoteTestNG.initAndRun(RemoteTestNG.java:251)
at org.testng.remote.RemoteTestNG.main(RemoteTestNG.java:77)
]]>
            </full-stacktrace>
          </exception> <!-- org.openqa.selenium.ElementClickInterceptedException -->
          <reporter-output>
          </reporter-output>
        </test-method> <!-- DataProviderTest -->
        <test-method status="PASS" signature="teardown()[pri:0, instance:com.mmt.Tests.ForFlightPageTest@3632be31]" name="teardown" is-config="true" duration-ms="1473" started-at="2019-04-24T11:34:52Z" finished-at="2019-04-24T11:34:54Z">
          <reporter-output>
          </reporter-output>
        </test-method> <!-- teardown -->
        <test-method status="PASS" signature="setupForFlightPage()[pri:0, instance:com.mmt.Tests.ForFlightPageTest@3632be31]" name="setupForFlightPage" is-config="true" duration-ms="19553" started-at="2019-04-24T11:34:54Z" finished-at="2019-04-24T11:35:14Z">
          <reporter-output>
          </reporter-output>
        </test-method> <!-- setupForFlightPage -->
        <test-method status="PASS" signature="CountDepartureandReturnFights()[pri:1, instance:com.mmt.Tests.ForFlightPageTest@3632be31]" name="CountDepartureandReturnFights" duration-ms="7463" started-at="2019-04-24T11:35:14Z" description="Count of Departure and Return Fights" finished-at="2019-04-24T11:35:21Z">
          <reporter-output>
          </reporter-output>
        </test-method> <!-- CountDepartureandReturnFights -->
        <test-method status="PASS" signature="teardown()[pri:0, instance:com.mmt.Tests.ForFlightPageTest@3632be31]" name="teardown" is-config="true" duration-ms="1110" started-at="2019-04-24T11:35:21Z" finished-at="2019-04-24T11:35:22Z">
          <reporter-output>
          </reporter-output>
        </test-method> <!-- teardown -->
        <test-method status="PASS" signature="setupForFlightPage()[pri:0, instance:com.mmt.Tests.ForFlightPageTest@3632be31]" name="setupForFlightPage" is-config="true" duration-ms="19514" started-at="2019-04-24T11:35:22Z" finished-at="2019-04-24T11:35:42Z">
          <reporter-output>
          </reporter-output>
        </test-method> <!-- setupForFlightPage -->
        <test-method status="PASS" signature="NonStopFlightsCount()[pri:2, instance:com.mmt.Tests.ForFlightPageTest@3632be31]" name="NonStopFlightsCount" duration-ms="7930" started-at="2019-04-24T11:35:42Z" description="Non Stop Departure and Return Flights count" finished-at="2019-04-24T11:35:50Z">
          <reporter-output>
          </reporter-output>
        </test-method> <!-- NonStopFlightsCount -->
        <test-method status="PASS" signature="teardown()[pri:0, instance:com.mmt.Tests.ForFlightPageTest@3632be31]" name="teardown" is-config="true" duration-ms="1319" started-at="2019-04-24T11:35:50Z" finished-at="2019-04-24T11:35:51Z">
          <reporter-output>
          </reporter-output>
        </test-method> <!-- teardown -->
        <test-method status="PASS" signature="setupForFlightPage()[pri:0, instance:com.mmt.Tests.ForFlightPageTest@3632be31]" name="setupForFlightPage" is-config="true" duration-ms="18812" started-at="2019-04-24T11:35:51Z" finished-at="2019-04-24T11:36:10Z">
          <reporter-output>
          </reporter-output>
        </test-method> <!-- setupForFlightPage -->
        <test-method status="PASS" signature="OneStopFlightsCount()[pri:3, instance:com.mmt.Tests.ForFlightPageTest@3632be31]" name="OneStopFlightsCount" duration-ms="7875" started-at="2019-04-24T11:36:10Z" description="Count of One Stop Departue and Return Flights" finished-at="2019-04-24T11:36:18Z">
          <reporter-output>
          </reporter-output>
        </test-method> <!-- OneStopFlightsCount -->
        <test-method status="PASS" signature="teardown()[pri:0, instance:com.mmt.Tests.ForFlightPageTest@3632be31]" name="teardown" is-config="true" duration-ms="1074" started-at="2019-04-24T11:36:18Z" finished-at="2019-04-24T11:36:19Z">
          <reporter-output>
          </reporter-output>
        </test-method> <!-- teardown -->
      </class> <!-- com.mmt.Tests.ForFlightPageTest -->
    </test> <!-- Default test -->
  </suite> <!-- Default suite -->
</testng-results>
